<?xml version="1.0" encoding="UTF-8"?>
<testng-results ignored="0" total="1" passed="1" failed="0" skipped="0">
  <reporter-output>
  </reporter-output>
  <suite started-at="2022-06-04T14:35:09 IST" name="Default suite" finished-at="2022-06-04T14:35:31 IST" duration-ms="22447">
    <groups>
    </groups>
    <test started-at="2022-06-04T14:35:09 IST" name="Default test" finished-at="2022-06-04T14:35:31 IST" duration-ms="22447">
      <class name="com.postwatch.testscripts.Login">
        <test-method is-config="true" signature="setBase(org.testng.ITestContext)[pri:0, instance:com.postwatch.testscripts.Login@43195e57]" started-at="2022-06-04T14:35:03 IST" name="setBase" finished-at="2022-06-04T14:35:09 IST" duration-ms="5320" status="PASS">
          <params>
            <param index="0">
              <value>
                <![CDATA[org.testng.TestRunner@b0e5507]]>
              </value>
            </param>
          </params>
          <reporter-output>
          </reporter-output>
        </test-method> <!-- setBase -->
        <test-method is-config="true" signature="reportSetup()[pri:0, instance:com.postwatch.testscripts.Login@43195e57]" started-at="2022-06-04T14:35:09 IST" name="reportSetup" finished-at="2022-06-04T14:35:09 IST" duration-ms="6" status="PASS">
          <reporter-output>
          </reporter-output>
        </test-method> <!-- reportSetup -->
        <test-method is-config="true" signature="launchURL()[pri:0, instance:com.postwatch.testscripts.Login@43195e57]" started-at="2022-06-04T14:35:12 IST" name="launchURL" finished-at="2022-06-04T14:35:15 IST" duration-ms="2672" status="PASS">
          <reporter-output>
          </reporter-output>
        </test-method> <!-- launchURL -->
        <test-method signature="loginPageValidator(java.util.Map)[pri:0, instance:com.postwatch.testscripts.Login@43195e57]" started-at="2022-06-04T14:35:15 IST" name="loginPageValidator" data-provider="data" finished-at="2022-06-04T14:35:30 IST" duration-ms="15689" status="PASS">
          <params>
            <param index="0">
              <value>
                <![CDATA[{Module=Admin Functions, EndYearInput=, SeasonNameInput=5028-5029, StartYearInput=5028}]]>
              </value>
            </param>
          </params>
          <reporter-output>
          </reporter-output>
        </test-method> <!-- loginPageValidator -->
        <test-method is-config="true" signature="logStatus(org.testng.ITestResult)[pri:0, instance:com.postwatch.testscripts.Login@43195e57]" started-at="2022-06-04T14:35:30 IST" name="logStatus" finished-at="2022-06-04T14:35:31 IST" duration-ms="702" status="PASS">
          <params>
            <param index="0">
              <value>
                <![CDATA[[TestResult name=loginPageValidator status=SUCCESS method=Login.loginPageValidator(java.util.Map)[pri:0, instance:com.postwatch.testscripts.Login@43195e57] output={null}]]]>
              </value>
            </param>
          </params>
          <reporter-output>
          </reporter-output>
        </test-method> <!-- logStatus -->
        <test-method is-config="true" signature="finishReport()[pri:0, instance:com.postwatch.testscripts.Login@43195e57]" started-at="2022-06-04T14:35:31 IST" name="finishReport" finished-at="2022-06-04T14:35:34 IST" duration-ms="3118" status="PASS">
          <reporter-output>
          </reporter-output>
        </test-method> <!-- finishReport -->
        <test-method is-config="true" signature="quitbrowsers()[pri:0, instance:com.postwatch.testscripts.Login@43195e57]" started-at="2022-06-04T14:35:34 IST" name="quitbrowsers" finished-at="2022-06-04T14:35:36 IST" duration-ms="1334" status="PASS">
          <reporter-output>
          </reporter-output>
        </test-method> <!-- quitbrowsers -->
      </class> <!-- com.postwatch.testscripts.Login -->
    </test> <!-- Default test -->
  </suite> <!-- Default suite -->
</testng-results>
